0 info it worked if it ends with ok
1 verbose cli [ 'node', '/usr/local/bin/npm', 'install', 'bobwer' ]
2 info using npm@1.4.28
3 info using node@v0.10.33
4 verbose readDependencies using package.json deps
5 verbose cache add [ 'bobwer', null ]
6 verbose cache add name=undefined spec="bobwer" args=["bobwer",null]
7 verbose parsed url { protocol: null,
7 verbose parsed url   slashes: null,
7 verbose parsed url   auth: null,
7 verbose parsed url   host: null,
7 verbose parsed url   port: null,
7 verbose parsed url   hostname: null,
7 verbose parsed url   hash: null,
7 verbose parsed url   search: null,
7 verbose parsed url   query: null,
7 verbose parsed url   pathname: 'bobwer',
7 verbose parsed url   path: 'bobwer',
7 verbose parsed url   href: 'bobwer' }
8 silly lockFile 09065607-bobwer bobwer
9 verbose lock bobwer /Users/mark/.npm/09065607-bobwer.lock
10 silly lockFile 09065607-bobwer bobwer
11 silly lockFile 09065607-bobwer bobwer
12 verbose addNamed [ 'bobwer', '' ]
13 verbose addNamed [ null, '*' ]
14 silly lockFile 473c719b-bobwer bobwer@
15 verbose lock bobwer@ /Users/mark/.npm/473c719b-bobwer.lock
16 silly addNameRange { name: 'bobwer', range: '*', hasData: false }
17 verbose request where is /bobwer
18 verbose request registry https://registry.npmjs.org/
19 verbose request id 3b583d4b3eed12b8
20 verbose url raw /bobwer
21 verbose url resolving [ 'https://registry.npmjs.org/', './bobwer' ]
22 verbose url resolved https://registry.npmjs.org/bobwer
23 verbose request where is https://registry.npmjs.org/bobwer
24 info trying registry request attempt 1 at 20:33:17
25 http GET https://registry.npmjs.org/bobwer
26 http 404 https://registry.npmjs.org/bobwer
27 verbose headers { server: 'CouchDB/1.5.0 (Erlang OTP/R16B03)',
27 verbose headers   'content-type': 'application/json',
27 verbose headers   'cache-control': 'max-age=0',
27 verbose headers   'content-length': '51',
27 verbose headers   'accept-ranges': 'bytes',
27 verbose headers   date: 'Wed, 03 Jun 2015 18:33:17 GMT',
27 verbose headers   via: '1.1 varnish',
27 verbose headers   age: '0',
27 verbose headers   connection: 'keep-alive',
27 verbose headers   'x-served-by': 'cache-ams4146-AMS',
27 verbose headers   'x-cache': 'MISS',
27 verbose headers   'x-cache-hits': '0',
27 verbose headers   'x-timer': 'S1433356397.603416,VS0,VE383' }
28 silly registry.get cb [ 404,
28 silly registry.get   { server: 'CouchDB/1.5.0 (Erlang OTP/R16B03)',
28 silly registry.get     'content-type': 'application/json',
28 silly registry.get     'cache-control': 'max-age=0',
28 silly registry.get     'content-length': '51',
28 silly registry.get     'accept-ranges': 'bytes',
28 silly registry.get     date: 'Wed, 03 Jun 2015 18:33:17 GMT',
28 silly registry.get     via: '1.1 varnish',
28 silly registry.get     age: '0',
28 silly registry.get     connection: 'keep-alive',
28 silly registry.get     'x-served-by': 'cache-ams4146-AMS',
28 silly registry.get     'x-cache': 'MISS',
28 silly registry.get     'x-cache-hits': '0',
28 silly registry.get     'x-timer': 'S1433356397.603416,VS0,VE383' } ]
29 silly lockFile 473c719b-bobwer bobwer@
30 silly lockFile 473c719b-bobwer bobwer@
31 error 404 404 Not Found: bobwer
31 error 404
31 error 404 'bobwer' is not in the npm registry.
31 error 404 You should bug the author to publish it
31 error 404 It was specified as a dependency of 'secure_message_client'
31 error 404
31 error 404 Note that you can also install from a
31 error 404 tarball, folder, or http url, or git url.
32 error System Darwin 14.4.0
33 error command "node" "/usr/local/bin/npm" "install" "bobwer"
34 error cwd /Users/mark/Code/FHMS/secure_message_client
35 error node -v v0.10.33
36 error npm -v 1.4.28
37 error code E404
38 verbose exit [ 1, true ]
